<?xml version="1.0" encoding="UTF-8"?>
<coverage generated="1716901744666" clover="3.2.0">
  <project timestamp="1716901744666" name="All files">
    <metrics statements="52" coveredstatements="52" conditionals="12" coveredconditionals="12" methods="9" coveredmethods="9" elements="73" coveredelements="73" complexity="0" loc="52" ncloc="52" packages="1" files="2" classes="2"/>
    <file name="logic.ts" path="C:\Git Repos\WebDevCalc\calculator\src\logic\logic.ts">
      <metrics statements="47" coveredstatements="47" conditionals="10" coveredconditionals="10" methods="8" coveredmethods="8"/>
      <line num="1" count="1" type="stmt"/>
      <line num="2" count="1" type="stmt"/>
      <line num="4" count="1" type="stmt"/>
      <line num="11" count="3" type="cond" truecount="1" falsecount="0"/>
      <line num="12" count="1" type="stmt"/>
      <line num="15" count="2" type="cond" truecount="1" falsecount="0"/>
      <line num="16" count="1" type="stmt"/>
      <line num="18" count="1" type="stmt"/>
      <line num="20" count="1" type="stmt"/>
      <line num="21" count="5" type="stmt"/>
      <line num="22" count="5" type="stmt"/>
      <line num="24" count="5" type="cond" truecount="4" falsecount="0"/>
      <line num="26" count="2" type="stmt"/>
      <line num="27" count="2" type="stmt"/>
      <line num="29" count="1" type="stmt"/>
      <line num="30" count="1" type="stmt"/>
      <line num="32" count="1" type="stmt"/>
      <line num="33" count="1" type="stmt"/>
      <line num="35" count="1" type="stmt"/>
      <line num="39" count="1" type="stmt"/>
      <line num="43" count="4" type="stmt"/>
      <line num="47" count="3" type="stmt"/>
      <line num="51" count="3" type="stmt"/>
      <line num="55" count="4" type="cond" truecount="1" falsecount="0"/>
      <line num="56" count="1" type="stmt"/>
      <line num="57" count="3" type="stmt"/>
      <line num="61" count="16" type="cond" truecount="1" falsecount="0"/>
      <line num="62" count="1" type="stmt"/>
      <line num="64" count="15" type="stmt"/>
      <line num="66" count="15" type="stmt"/>
      <line num="67" count="15" type="stmt"/>
      <line num="68" count="37" type="stmt"/>
      <line num="69" count="37" type="stmt"/>
      <line num="70" count="37" type="stmt"/>
      <line num="72" count="15" type="stmt"/>
      <line num="76" count="30" type="cond" truecount="1" falsecount="0"/>
      <line num="77" count="1" type="stmt"/>
      <line num="79" count="29" type="stmt"/>
      <line num="81" count="29" type="stmt"/>
      <line num="83" count="29" type="stmt"/>
      <line num="84" count="60" type="stmt"/>
      <line num="85" count="60" type="stmt"/>
      <line num="86" count="60" type="cond" truecount="1" falsecount="0"/>
      <line num="87" count="1" type="stmt"/>
      <line num="90" count="59" type="stmt"/>
      <line num="92" count="28" type="stmt"/>
      <line num="97" count="1" type="stmt"/>
    </file>
    <file name="operations.ts" path="C:\Git Repos\WebDevCalc\calculator\src\logic\operations.ts">
      <metrics statements="5" coveredstatements="5" conditionals="2" coveredconditionals="2" methods="1" coveredmethods="1"/>
      <line num="1" count="1" type="cond" truecount="2" falsecount="0"/>
      <line num="2" count="1" type="stmt"/>
      <line num="3" count="1" type="stmt"/>
      <line num="4" count="1" type="stmt"/>
      <line num="5" count="1" type="stmt"/>
    </file>
  </project>
</coverage>
