TN:
SF:src\logic\logic.ts
FN:5,(anonymous_0)
FN:9,(anonymous_1)
FN:42,(anonymous_2)
FN:46,(anonymous_3)
FN:50,(anonymous_4)
FN:54,(anonymous_5)
FN:60,(anonymous_6)
FN:75,(anonymous_7)
FNF:8
FNH:8
FNDA:7,(anonymous_0)
FNDA:3,(anonymous_1)
FNDA:4,(anonymous_2)
FNDA:3,(anonymous_3)
FNDA:3,(anonymous_4)
FNDA:4,(anonymous_5)
FNDA:16,(anonymous_6)
FNDA:30,(anonymous_7)
DA:1,1
DA:2,1
DA:4,1
DA:11,3
DA:12,1
DA:15,2
DA:16,1
DA:18,1
DA:20,1
DA:21,5
DA:22,5
DA:24,5
DA:26,2
DA:27,2
DA:29,1
DA:30,1
DA:32,1
DA:33,1
DA:35,1
DA:39,1
DA:43,4
DA:47,3
DA:51,3
DA:55,4
DA:56,1
DA:57,3
DA:61,16
DA:62,1
DA:64,15
DA:66,15
DA:67,15
DA:68,37
DA:69,37
DA:70,37
DA:72,15
DA:76,30
DA:77,1
DA:79,29
DA:81,29
DA:83,29
DA:84,60
DA:85,60
DA:86,60
DA:87,1
DA:90,59
DA:92,28
DA:97,1
LF:47
LH:47
BRDA:11,0,0,1
BRDA:15,1,0,1
BRDA:24,2,0,2
BRDA:24,2,1,1
BRDA:24,2,2,1
BRDA:24,2,3,1
BRDA:55,3,0,1
BRDA:61,4,0,1
BRDA:76,5,0,1
BRDA:86,6,0,1
BRF:10
BRH:10
end_of_record
TN:
SF:src\logic\operations.ts
FN:1,(anonymous_0)
FNF:1
FNH:1
FNDA:1,(anonymous_0)
DA:1,1
DA:2,1
DA:3,1
DA:4,1
DA:5,1
LF:5
LH:5
BRDA:1,0,0,1
BRDA:1,0,1,1
BRF:2
BRH:2
end_of_record
